-------------------------------------------------------------------------------
Test set: test.AddFormTest
-------------------------------------------------------------------------------
Tests run: 1, Failures: 1, Errors: 0, Skipped: 0, Time elapsed: 1.508 sec <<< FAILURE!
ValidUserShouldBeAbleToAddForm(test.AddFormTest)  Time elapsed: 0.073 sec  <<< FAILURE!
java.lang.NullPointerException
	at org.openqa.selenium.support.pagefactory.DefaultElementLocator.findElement(DefaultElementLocator.java:69)
	at org.openqa.selenium.support.pagefactory.internal.LocatingElementHandler.invoke(LocatingElementHandler.java:38)
	at com.sun.proxy.$Proxy5.sendKeys(Unknown Source)
	at page.AddFormPage.enterAddElement(AddFormPage.java:24)
	at test.AddFormTest.ValidUserShouldBeAbleToAddForm(AddFormTest.java:19)

